<?xml version="1.0" encoding="UTF-8"?>
<robot generator="Robot 3.2.2 (Python 3.12.1 on win32)" generated="20240124 14:17:29.158" rpa="false">
<suite id="s1" name="SimpliiRFW" source="F:\SIMPLII2\SIMPLII_AUTOMATION2\SimpliiRFW">
<suite id="s1-s1" name="Simplii" source="F:\SIMPLII2\SIMPLII_AUTOMATION2\SimpliiRFW\Simplii.robot">
<test id="s1-s1-t1" name="My TestCase 1">
<kw name="Log" library="BuiltIn">
<doc>Logs the given message with the given level.</doc>
<arguments>
<arg>HSSF</arg>
</arguments>
<msg timestamp="20240124 14:17:30.145" level="INFO">HSSF</msg>
<status status="PASS" starttime="20240124 14:17:30.145" endtime="20240124 14:17:30.145"></status>
</kw>
<kw name="Log" library="BuiltIn">
<doc>Logs the given message with the given level.</doc>
<arguments>
<arg>SSSF</arg>
</arguments>
<msg timestamp="20240124 14:17:30.146" level="INFO">SSSF</msg>
<status status="PASS" starttime="20240124 14:17:30.145" endtime="20240124 14:17:30.146"></status>
</kw>
<status status="PASS" starttime="20240124 14:17:30.143" endtime="20240124 14:17:30.146" critical="yes"></status>
</test>
<test id="s1-s1-t2" name="My TestCase 3">
<kw name="Win Activate" library="AutoItLibrary">
<doc>method WinActivate</doc>
<arguments>
<arg>Untitled - Notepad</arg>
</arguments>
<status status="PASS" starttime="20240124 14:17:30.148" endtime="20240124 14:17:30.416"></status>
</kw>
<kw name="Sleep" library="BuiltIn">
<doc>Pauses the test executed for the given time.</doc>
<arguments>
<arg>5s</arg>
</arguments>
<msg timestamp="20240124 14:17:35.417" level="INFO">Slept 5 seconds</msg>
<status status="PASS" starttime="20240124 14:17:30.416" endtime="20240124 14:17:35.417"></status>
</kw>
<kw name="Take Screenshot" library="Screenshot">
<doc>Takes a screenshot in JPEG format and embeds it into the log file.</doc>
<arguments>
<arg>Untitled - Notepad</arg>
</arguments>
<msg timestamp="20240124 14:17:35.665" level="INFO" html="yes">&lt;a href="Untitled%20-%20Notepad_9.jpg"&gt;&lt;img src="Untitled%20-%20Notepad_9.jpg" width="800px"&gt;&lt;/a&gt;</msg>
<status status="PASS" starttime="20240124 14:17:35.418" endtime="20240124 14:17:35.665"></status>
</kw>
<kw name="Send" library="AutoItLibrary">
<doc>method Send</doc>
<arguments>
<arg>ABCDXYZ1234</arg>
</arguments>
<status status="PASS" starttime="20240124 14:17:35.665" endtime="20240124 14:17:35.855"></status>
</kw>
<kw name="Take Screenshot" library="Screenshot">
<doc>Takes a screenshot in JPEG format and embeds it into the log file.</doc>
<arguments>
<arg>Untitled - Notepad</arg>
</arguments>
<msg timestamp="20240124 14:17:35.946" level="INFO" html="yes">&lt;a href="Untitled%20-%20Notepad_10.jpg"&gt;&lt;img src="Untitled%20-%20Notepad_10.jpg" width="800px"&gt;&lt;/a&gt;</msg>
<status status="PASS" starttime="20240124 14:17:35.855" endtime="20240124 14:17:35.946"></status>
</kw>
<kw name="Win Close" library="AutoItLibrary">
<doc>method WinClose</doc>
<arguments>
<arg>*Untitled - Notepad</arg>
</arguments>
<status status="PASS" starttime="20240124 14:17:35.946" endtime="20240124 14:17:36.210"></status>
</kw>
<kw name="Sleep" library="BuiltIn">
<doc>Pauses the test executed for the given time.</doc>
<arguments>
<arg>3s</arg>
</arguments>
<msg timestamp="20240124 14:17:39.212" level="INFO">Slept 3 seconds</msg>
<status status="PASS" starttime="20240124 14:17:36.211" endtime="20240124 14:17:39.212"></status>
</kw>
<kw name="Take Screenshot" library="Screenshot">
<doc>Takes a screenshot in JPEG format and embeds it into the log file.</doc>
<arguments>
<arg>Untitled - Notepad</arg>
</arguments>
<msg timestamp="20240124 14:17:39.346" level="INFO" html="yes">&lt;a href="Untitled%20-%20Notepad_11.jpg"&gt;&lt;img src="Untitled%20-%20Notepad_11.jpg" width="800px"&gt;&lt;/a&gt;</msg>
<status status="PASS" starttime="20240124 14:17:39.213" endtime="20240124 14:17:39.346"></status>
</kw>
<kw name="Send" library="AutoItLibrary">
<doc>method Send</doc>
<arguments>
<arg>{TAB}</arg>
</arguments>
<status status="PASS" starttime="20240124 14:17:39.346" endtime="20240124 14:17:39.358"></status>
</kw>
<kw name="Take Screenshot" library="Screenshot">
<doc>Takes a screenshot in JPEG format and embeds it into the log file.</doc>
<arguments>
<arg>Untitled - Notepad</arg>
</arguments>
<msg timestamp="20240124 14:17:39.458" level="INFO" html="yes">&lt;a href="Untitled%20-%20Notepad_12.jpg"&gt;&lt;img src="Untitled%20-%20Notepad_12.jpg" width="800px"&gt;&lt;/a&gt;</msg>
<status status="PASS" starttime="20240124 14:17:39.358" endtime="20240124 14:17:39.459"></status>
</kw>
<kw name="Sleep" library="BuiltIn">
<doc>Pauses the test executed for the given time.</doc>
<arguments>
<arg>3s</arg>
</arguments>
<msg timestamp="20240124 14:17:42.459" level="INFO">Slept 3 seconds</msg>
<status status="PASS" starttime="20240124 14:17:39.459" endtime="20240124 14:17:42.459"></status>
</kw>
<kw name="Send" library="AutoItLibrary">
<doc>method Send</doc>
<arguments>
<arg>{ENTER}</arg>
</arguments>
<status status="PASS" starttime="20240124 14:17:42.460" endtime="20240124 14:17:42.474"></status>
</kw>
<kw name="Log" library="BuiltIn">
<doc>Logs the given message with the given level.</doc>
<arguments>
<arg>Application Closed</arg>
</arguments>
<msg timestamp="20240124 14:17:42.475" level="INFO">Application Closed</msg>
<status status="PASS" starttime="20240124 14:17:42.474" endtime="20240124 14:17:42.476"></status>
</kw>
<status status="PASS" starttime="20240124 14:17:30.148" endtime="20240124 14:17:42.476" critical="yes"></status>
</test>
<doc>This is the script for Create Sales Visit Repository</doc>
<status status="PASS" starttime="20240124 14:17:29.250" endtime="20240124 14:17:42.482"></status>
</suite>
<status status="PASS" starttime="20240124 14:17:29.219" endtime="20240124 14:17:42.505"></status>
</suite>
<statistics>
<total>
<stat pass="2" fail="0">Critical Tests</stat>
<stat pass="2" fail="0">All Tests</stat>
</total>
<tag>
</tag>
<suite>
<stat pass="2" fail="0" id="s1" name="SimpliiRFW">SimpliiRFW</stat>
<stat pass="2" fail="0" id="s1-s1" name="Simplii">SimpliiRFW.Simplii</stat>
</suite>
</statistics>
<errors>
<msg timestamp="20240124 14:17:29.211" level="ERROR">Taking listener 'C:\Users\Admin\AppData\Local\Temp\RobotTempDir13828492235050379296\TestRunnerAgent.py:50125' into use failed: Importing listener 'C:\Users\Admin\AppData\Local\Temp\RobotTempDir13828492235050379296\TestRunnerAgent.py' failed: ModuleNotFoundError: No module named 'robot.parsing.populators'
Traceback (most recent call last):
  File "C:\Users\Admin\AppData\Local\Temp\RobotTempDir13828492235050379296\TestRunnerAgent.py", line 72, in &lt;module&gt;
    from robot.parsing.populators import READERS
PYTHONPATH:
  C:\Users\Admin\AppData\Roaming\Python\Python312\site-packages
  C:\Users\Admin\AppData\Local\Programs\Python\Python312\Lib\site-packages
  F:\SIMPLII2\SIMPLII_AUTOMATION2\SimpliiRFW
  C:\Users\Admin\AppData\Local\Programs\Python\Python312\python312.zip
  C:\Users\Admin\AppData\Local\Programs\Python\Python312\DLLs
  C:\Users\Admin\AppData\Local\Programs\Python\Python312\Lib
  C:\Users\Admin\AppData\Local\Programs\Python\Python312
  C:\Users\Admin\AppData\Roaming\Python\Python312\site-packages
  C:\Users\Admin\AppData\Roaming\Python\Python312\site-packages\win32
  C:\Users\Admin\AppData\Roaming\Python\Python312\site-packages\win32\lib
  C:\Users\Admin\AppData\Roaming\Python\Python312\site-packages\Pythonwin
  C:\Users\Admin\AppData\Local\Programs\Python\Python312\Lib\site-packages</msg>
</errors>
</robot>
